mode: set
crossview-go-server/api/controllers/auth/auth_controller.go:17.75,23.2 2 1
crossview-go-server/api/controllers/auth/auth_controller.go:25.50,32.19 5 1
crossview-go-server/api/controllers/auth/auth_controller.go:32.19,39.3 2 1
crossview-go-server/api/controllers/auth/auth_controller.go:41.2,42.31 2 1
crossview-go-server/api/controllers/auth/auth_controller.go:42.31,49.3 2 1
crossview-go-server/api/controllers/auth/auth_controller.go:51.2,61.4 1 1
crossview-go-server/api/controllers/auth/auth_controller.go:64.50,70.49 2 1
crossview-go-server/api/controllers/auth/auth_controller.go:70.49,73.3 2 1
crossview-go-server/api/controllers/auth/auth_controller.go:75.2,76.31 2 1
crossview-go-server/api/controllers/auth/auth_controller.go:76.31,79.3 2 1
crossview-go-server/api/controllers/auth/auth_controller.go:81.2,81.40 1 1
crossview-go-server/api/controllers/auth/auth_controller.go:81.40,84.3 2 1
crossview-go-server/api/controllers/auth/auth_controller.go:86.2,89.39 4 1
crossview-go-server/api/controllers/auth/auth_controller.go:89.39,93.3 3 0
crossview-go-server/api/controllers/auth/auth_controller.go:95.2,104.4 2 1
crossview-go-server/api/controllers/auth/auth_controller.go:107.51,110.39 3 1
crossview-go-server/api/controllers/auth/auth_controller.go:110.39,114.3 3 0
crossview-go-server/api/controllers/auth/auth_controller.go:116.2,116.49 1 1
crossview-go-server/api/controllers/auth/auth_controller.go:119.53,126.49 2 1
crossview-go-server/api/controllers/auth/auth_controller.go:126.49,129.3 2 1
crossview-go-server/api/controllers/auth/auth_controller.go:131.2,132.18 2 1
crossview-go-server/api/controllers/auth/auth_controller.go:132.18,135.3 2 1
crossview-go-server/api/controllers/auth/auth_controller.go:137.2,138.25 2 1
crossview-go-server/api/controllers/auth/auth_controller.go:138.25,141.3 2 0
crossview-go-server/api/controllers/auth/auth_controller.go:143.2,144.26 2 1
crossview-go-server/api/controllers/auth/auth_controller.go:144.26,147.3 2 0
crossview-go-server/api/controllers/auth/auth_controller.go:149.2,155.55 2 1
crossview-go-server/api/controllers/auth/auth_controller.go:155.55,159.3 3 0
crossview-go-server/api/controllers/auth/auth_controller.go:161.2,161.48 1 1
crossview-go-server/api/controllers/auth/auth_controller.go:161.48,165.3 3 0
crossview-go-server/api/controllers/auth/auth_controller.go:167.2,170.39 4 1
crossview-go-server/api/controllers/auth/auth_controller.go:170.39,172.3 1 0
crossview-go-server/api/controllers/auth/auth_controller.go:174.2,183.4 2 1
crossview-go-server/api/controllers/auth/auth_test_helpers.go:15.36,18.2 2 1
crossview-go-server/api/controllers/auth/auth_test_helpers.go:20.45,23.2 2 1
crossview-go-server/api/controllers/auth/auth_test_helpers.go:25.41,27.16 2 1
crossview-go-server/api/controllers/auth/auth_test_helpers.go:27.16,29.3 1 0
crossview-go-server/api/controllers/auth/auth_test_helpers.go:31.2,32.16 2 1
crossview-go-server/api/controllers/auth/auth_test_helpers.go:32.16,34.3 1 0
crossview-go-server/api/controllers/auth/auth_test_helpers.go:36.2,36.11 1 1
crossview-go-server/api/controllers/auth/auth_test_helpers.go:39.35,41.2 1 1
crossview-go-server/api/controllers/auth/auth_test_helpers.go:43.29,47.2 1 0
crossview-go-server/api/controllers/auth/auth_test_helpers.go:49.101,55.51 2 1
crossview-go-server/api/controllers/auth/auth_test_helpers.go:55.51,57.3 1 0
crossview-go-server/api/controllers/auth/auth_test_helpers.go:58.2,58.46 1 1
crossview-go-server/api/controllers/auth/auth_test_helpers.go:58.46,60.3 1 0
crossview-go-server/api/controllers/auth/auth_test_helpers.go:61.2,61.13 1 1
crossview-go-server/api/controllers/kubernetes/kubernetes_controller.go:18.125,23.2 1 1
crossview-go-server/api/controllers/kubernetes/kubernetes_controller.go:25.60,29.2 1 1
crossview-go-server/api/controllers/kubernetes/kubernetes_controller.go:31.61,36.53 2 1
crossview-go-server/api/controllers/kubernetes/kubernetes_controller.go:36.53,38.3 1 1
crossview-go-server/api/controllers/kubernetes/kubernetes_controller.go:40.2,40.72 1 1
crossview-go-server/api/controllers/kubernetes/kubernetes_controller.go:40.72,44.3 3 1
crossview-go-server/api/controllers/kubernetes/kubernetes_controller.go:46.2,50.4 2 1
crossview-go-server/api/controllers/kubernetes/kubernetes_controller.go:53.68,58.2 2 1
crossview-go-server/api/controllers/kubernetes/kubernetes_controller.go:60.62,62.16 2 1
crossview-go-server/api/controllers/kubernetes/kubernetes_controller.go:62.16,66.3 3 1
crossview-go-server/api/controllers/kubernetes/kubernetes_controller.go:68.2,68.35 1 1
crossview-go-server/api/controllers/kubernetes/kubernetes_controller.go:71.66,73.23 2 1
crossview-go-server/api/controllers/kubernetes/kubernetes_controller.go:73.23,75.24 2 1
crossview-go-server/api/controllers/kubernetes/kubernetes_controller.go:75.24,78.4 2 1
crossview-go-server/api/controllers/kubernetes/kubernetes_controller.go:81.2,82.16 2 1
crossview-go-server/api/controllers/kubernetes/kubernetes_controller.go:82.16,86.3 3 0
crossview-go-server/api/controllers/kubernetes/kubernetes_controller.go:88.2,91.4 1 1
crossview-go-server/api/controllers/kubernetes/kubernetes_controller.go:94.63,103.52 8 1
crossview-go-server/api/controllers/kubernetes/kubernetes_controller.go:103.52,104.56 1 0
crossview-go-server/api/controllers/kubernetes/kubernetes_controller.go:104.56,106.4 1 0
crossview-go-server/api/controllers/kubernetes/kubernetes_controller.go:109.2,109.22 1 1
crossview-go-server/api/controllers/kubernetes/kubernetes_controller.go:109.22,112.3 2 1
crossview-go-server/api/controllers/kubernetes/kubernetes_controller.go:114.2,114.16 1 1
crossview-go-server/api/controllers/kubernetes/kubernetes_controller.go:114.16,117.3 2 1
crossview-go-server/api/controllers/kubernetes/kubernetes_controller.go:119.2,120.16 2 1
crossview-go-server/api/controllers/kubernetes/kubernetes_controller.go:120.16,121.88 1 1
crossview-go-server/api/controllers/kubernetes/kubernetes_controller.go:121.88,128.4 2 1
crossview-go-server/api/controllers/kubernetes/kubernetes_controller.go:129.3,131.9 3 0
crossview-go-server/api/controllers/kubernetes/kubernetes_controller.go:134.2,134.33 1 1
crossview-go-server/api/controllers/kubernetes/kubernetes_controller.go:137.42,139.2 1 0
crossview-go-server/api/controllers/kubernetes/kubernetes_controller.go:141.62,149.22 7 1
crossview-go-server/api/controllers/kubernetes/kubernetes_controller.go:149.22,152.3 2 1
crossview-go-server/api/controllers/kubernetes/kubernetes_controller.go:153.2,153.16 1 1
crossview-go-server/api/controllers/kubernetes/kubernetes_controller.go:153.16,156.3 2 1
crossview-go-server/api/controllers/kubernetes/kubernetes_controller.go:157.2,157.16 1 1
crossview-go-server/api/controllers/kubernetes/kubernetes_controller.go:157.16,160.3 2 1
crossview-go-server/api/controllers/kubernetes/kubernetes_controller.go:162.2,163.53 2 1
crossview-go-server/api/controllers/kubernetes/kubernetes_controller.go:163.53,165.3 1 0
crossview-go-server/api/controllers/kubernetes/kubernetes_controller.go:167.2,168.16 2 1
crossview-go-server/api/controllers/kubernetes/kubernetes_controller.go:168.16,169.134 1 1
crossview-go-server/api/controllers/kubernetes/kubernetes_controller.go:169.134,172.4 2 1
crossview-go-server/api/controllers/kubernetes/kubernetes_controller.go:173.3,175.9 3 0
crossview-go-server/api/controllers/kubernetes/kubernetes_controller.go:178.2,178.35 1 1
crossview-go-server/api/controllers/kubernetes/kubernetes_controller.go:181.60,187.16 5 1
crossview-go-server/api/controllers/kubernetes/kubernetes_controller.go:187.16,190.3 2 1
crossview-go-server/api/controllers/kubernetes/kubernetes_controller.go:191.2,191.16 1 1
crossview-go-server/api/controllers/kubernetes/kubernetes_controller.go:191.16,194.3 2 1
crossview-go-server/api/controllers/kubernetes/kubernetes_controller.go:196.2,197.16 2 1
crossview-go-server/api/controllers/kubernetes/kubernetes_controller.go:197.16,201.3 3 1
crossview-go-server/api/controllers/kubernetes/kubernetes_controller.go:203.2,203.33 1 1
crossview-go-server/api/controllers/kubernetes/kubernetes_controller.go:206.70,211.16 4 1
crossview-go-server/api/controllers/kubernetes/kubernetes_controller.go:211.16,215.3 3 1
crossview-go-server/api/controllers/kubernetes/kubernetes_controller.go:217.2,217.33 1 1
crossview-go-server/api/controllers/kubernetes/kubernetes_test_helpers.go:10.36,13.2 2 1
crossview-go-server/api/controllers/kubernetes/kubernetes_test_helpers.go:15.35,17.2 1 1
crossview-go-server/api/controllers/kubernetes/kubernetes_test_helpers.go:19.57,21.2 1 1
crossview-go-server/api/controllers/kubernetes/kubernetes_test_helpers.go:36.65,37.29 1 1
crossview-go-server/api/controllers/kubernetes/kubernetes_test_helpers.go:37.29,39.3 1 1
crossview-go-server/api/controllers/kubernetes/kubernetes_test_helpers.go:40.2,40.12 1 0
crossview-go-server/api/controllers/kubernetes/kubernetes_test_helpers.go:43.59,44.36 1 1
crossview-go-server/api/controllers/kubernetes/kubernetes_test_helpers.go:44.36,46.3 1 1
crossview-go-server/api/controllers/kubernetes/kubernetes_test_helpers.go:47.2,47.11 1 0
crossview-go-server/api/controllers/kubernetes/kubernetes_test_helpers.go:50.64,51.30 1 1
crossview-go-server/api/controllers/kubernetes/kubernetes_test_helpers.go:51.30,53.3 1 1
crossview-go-server/api/controllers/kubernetes/kubernetes_test_helpers.go:54.2,54.24 1 0
crossview-go-server/api/controllers/kubernetes/kubernetes_test_helpers.go:57.77,58.31 1 0
crossview-go-server/api/controllers/kubernetes/kubernetes_test_helpers.go:58.31,60.3 1 0
crossview-go-server/api/controllers/kubernetes/kubernetes_test_helpers.go:61.2,61.17 1 0
crossview-go-server/api/controllers/kubernetes/kubernetes_test_helpers.go:64.66,65.28 1 0
crossview-go-server/api/controllers/kubernetes/kubernetes_test_helpers.go:65.28,67.3 1 0
crossview-go-server/api/controllers/kubernetes/kubernetes_test_helpers.go:68.2,68.17 1 0
crossview-go-server/api/controllers/kubernetes/kubernetes_test_helpers.go:71.74,72.30 1 1
crossview-go-server/api/controllers/kubernetes/kubernetes_test_helpers.go:72.30,74.3 1 1
crossview-go-server/api/controllers/kubernetes/kubernetes_test_helpers.go:75.2,75.19 1 0
crossview-go-server/api/controllers/kubernetes/kubernetes_test_helpers.go:78.170,79.31 1 1
crossview-go-server/api/controllers/kubernetes/kubernetes_test_helpers.go:79.31,81.3 1 1
crossview-go-server/api/controllers/kubernetes/kubernetes_test_helpers.go:82.2,82.62 1 0
crossview-go-server/api/controllers/kubernetes/kubernetes_test_helpers.go:85.139,86.30 1 1
crossview-go-server/api/controllers/kubernetes/kubernetes_test_helpers.go:86.30,88.3 1 1
crossview-go-server/api/controllers/kubernetes/kubernetes_test_helpers.go:89.2,89.38 1 0
crossview-go-server/api/controllers/kubernetes/kubernetes_test_helpers.go:92.119,93.28 1 1
crossview-go-server/api/controllers/kubernetes/kubernetes_test_helpers.go:93.28,95.3 1 1
crossview-go-server/api/controllers/kubernetes/kubernetes_test_helpers.go:96.2,96.40 1 0
crossview-go-server/api/controllers/kubernetes/kubernetes_test_helpers.go:99.123,100.38 1 1
crossview-go-server/api/controllers/kubernetes/kubernetes_test_helpers.go:100.38,102.3 1 1
crossview-go-server/api/controllers/kubernetes/kubernetes_test_helpers.go:103.2,103.62 1 0
crossview-go-server/api/middlewares/cors.go:16.99,22.2 1 0
crossview-go-server/api/middlewares/cors.go:25.33,31.46 3 0
crossview-go-server/api/middlewares/cors.go:31.46,31.61 1 0
crossview-go-server/api/middlewares/middlewares.go:21.15,26.2 1 0
crossview-go-server/api/middlewares/middlewares.go:28.30,29.31 1 1
crossview-go-server/api/middlewares/middlewares.go:29.31,31.3 1 1
crossview-go-server/api/middlewares/session.go:15.105,21.2 1 0
crossview-go-server/api/middlewares/session.go:23.36,37.2 4 0
crossview-go-server/api/middlewares/session_auth.go:18.113,24.2 1 1
crossview-go-server/api/middlewares/session_auth.go:26.40,28.2 1 1
crossview-go-server/api/middlewares/session_auth.go:30.58,31.30 1 1
crossview-go-server/api/middlewares/session_auth.go:31.30,35.20 3 1
crossview-go-server/api/middlewares/session_auth.go:35.20,39.4 3 1
crossview-go-server/api/middlewares/session_auth.go:41.3,42.11 2 1
crossview-go-server/api/middlewares/session_auth.go:46.68,47.30 1 0
crossview-go-server/api/middlewares/session_auth.go:47.30,51.20 3 0
crossview-go-server/api/middlewares/session_auth.go:51.20,55.4 3 0
crossview-go-server/api/middlewares/session_auth.go:57.3,58.56 2 0
crossview-go-server/api/middlewares/session_auth.go:58.56,62.4 3 0
crossview-go-server/api/middlewares/session_auth.go:64.3,65.11 2 0
crossview-go-server/models/user.go:24.32,26.2 1 1
crossview-go-server/models/user.go:28.51,30.16 2 1
crossview-go-server/models/user.go:30.16,32.3 1 0
crossview-go-server/models/user.go:33.2,34.12 2 1
crossview-go-server/models/user.go:37.53,40.2 2 1
crossview-go-server/models/user.go:46.53,48.2 1 0
crossview-go-server/models/user.go:50.51,52.2 1 0
crossview-go-server/models/user.go:54.59,57.16 3 0
crossview-go-server/models/user.go:57.16,59.3 1 0
crossview-go-server/models/user.go:60.2,60.19 1 0
crossview-go-server/models/user.go:63.73,66.16 3 0
crossview-go-server/models/user.go:66.16,68.3 1 0
crossview-go-server/models/user.go:69.2,69.19 1 0
crossview-go-server/models/user.go:72.67,75.16 3 0
crossview-go-server/models/user.go:75.16,77.3 1 0
crossview-go-server/models/user.go:78.2,78.19 1 0
crossview-go-server/models/user.go:81.49,85.2 3 0
crossview-go-server/models/user.go:87.51,90.16 3 0
crossview-go-server/models/user.go:90.16,92.3 1 0
crossview-go-server/models/user.go:93.2,93.23 1 0
crossview-go-server/models/user.go:96.52,100.2 3 0
crossview-go-server/models/user.go:102.51,104.2 1 0
crossview-go-server/models/user.go:106.48,108.2 1 0
crossview-go-server/models/user.go:110.46,112.2 1 0
crossview-go-server/models/user.go:114.106,115.35 1 0
crossview-go-server/models/user.go:115.35,117.3 1 0
crossview-go-server/models/user.go:119.2,122.17 3 0
crossview-go-server/models/user.go:122.17,124.32 2 0
crossview-go-server/models/user.go:124.32,126.4 1 0
crossview-go-server/models/user.go:129.2,129.35 1 0
crossview-go-server/models/user.go:129.35,131.32 2 0
crossview-go-server/models/user.go:131.32,133.4 1 0
crossview-go-server/models/user.go:136.2,136.17 1 0
crossview-go-server/models/user.go:136.17,138.3 1 0
crossview-go-server/models/user.go:140.2,142.19 3 0
crossview-go-server/models/user.go:142.19,144.3 1 0
crossview-go-server/models/user.go:146.2,146.20 1 0
crossview-go-server/models/user.go:146.20,147.18 1 0
crossview-go-server/models/user.go:147.18,148.49 1 0
crossview-go-server/models/user.go:148.49,150.5 1 0
crossview-go-server/models/user.go:150.10,152.5 1 0
crossview-go-server/models/user.go:153.9,155.4 1 0
crossview-go-server/models/user.go:157.2,157.17 1 0
crossview-go-server/models/user.go:157.17,159.3 1 0
crossview-go-server/models/user.go:161.2,170.57 3 0
crossview-go-server/models/user.go:170.57,172.3 1 0
crossview-go-server/models/user.go:174.2,174.39 1 0
crossview-go-server/models/user.go:174.39,176.3 1 0
crossview-go-server/models/user.go:178.2,178.18 1 0
crossview-go-server/models/user.go:181.106,184.40 2 0
crossview-go-server/models/user.go:184.40,187.3 2 0
crossview-go-server/models/user.go:188.2,188.80 1 0
crossview-go-server/models/user.go:188.80,191.3 2 0
crossview-go-server/models/user.go:192.2,192.76 1 0
crossview-go-server/models/user.go:192.76,195.3 2 0
crossview-go-server/models/user.go:197.2,197.13 1 0
crossview-go-server/models/user.go:197.13,198.40 1 0
crossview-go-server/models/user.go:198.40,200.4 1 0
crossview-go-server/models/user.go:203.2,203.18 1 0
crossview-go-server/models/user.go:206.34,207.13 1 1
crossview-go-server/models/user.go:207.13,209.3 1 1
crossview-go-server/models/user.go:210.2,210.11 1 1
crossview-go-server/models/user.go:213.38,217.19 4 1
crossview-go-server/models/user.go:217.19,219.3 1 1
crossview-go-server/models/user.go:220.2,220.18 1 1
crossview-go-server/api/controllers/sso/sso_controller.go:18.110,24.2 1 1
crossview-go-server/api/controllers/sso/sso_controller.go:26.53,37.2 2 1
crossview-go-server/api/controllers/sso/sso_controller.go:39.56,41.16 2 1
crossview-go-server/api/controllers/sso/sso_controller.go:41.16,45.3 3 1
crossview-go-server/api/controllers/sso/sso_controller.go:47.2,47.41 1 1
crossview-go-server/api/controllers/sso/sso_controller.go:50.62,55.22 4 1
crossview-go-server/api/controllers/sso/sso_controller.go:55.22,60.3 4 1
crossview-go-server/api/controllers/sso/sso_controller.go:62.2,62.16 1 1
crossview-go-server/api/controllers/sso/sso_controller.go:62.16,67.3 4 1
crossview-go-server/api/controllers/sso/sso_controller.go:69.2,70.16 2 1
crossview-go-server/api/controllers/sso/sso_controller.go:70.16,75.3 4 1
crossview-go-server/api/controllers/sso/sso_controller.go:77.2,80.39 4 1
crossview-go-server/api/controllers/sso/sso_controller.go:80.39,85.3 4 0
crossview-go-server/api/controllers/sso/sso_controller.go:87.2,89.45 3 1
crossview-go-server/api/controllers/sso/sso_controller.go:92.56,94.16 2 1
crossview-go-server/api/controllers/sso/sso_controller.go:94.16,98.3 3 1
crossview-go-server/api/controllers/sso/sso_controller.go:100.2,100.41 1 1
crossview-go-server/api/controllers/sso/sso_controller.go:103.62,105.24 2 1
crossview-go-server/api/controllers/sso/sso_controller.go:105.24,110.3 4 1
crossview-go-server/api/controllers/sso/sso_controller.go:112.2,113.16 2 1
crossview-go-server/api/controllers/sso/sso_controller.go:113.16,118.3 4 1
crossview-go-server/api/controllers/sso/sso_controller.go:120.2,123.39 4 1
crossview-go-server/api/controllers/sso/sso_controller.go:123.39,128.3 4 0
crossview-go-server/api/controllers/sso/sso_controller.go:130.2,132.45 3 1
crossview-go-server/api/controllers/sso/sso_test_helpers.go:15.36,18.2 2 1
crossview-go-server/api/controllers/sso/sso_test_helpers.go:20.41,22.16 2 0
crossview-go-server/api/controllers/sso/sso_test_helpers.go:22.16,24.3 1 0
crossview-go-server/api/controllers/sso/sso_test_helpers.go:26.2,27.16 2 0
crossview-go-server/api/controllers/sso/sso_test_helpers.go:27.16,29.3 1 0
crossview-go-server/api/controllers/sso/sso_test_helpers.go:31.2,31.11 1 0
crossview-go-server/api/controllers/sso/sso_test_helpers.go:34.35,36.2 1 1
crossview-go-server/api/controllers/sso/sso_test_helpers.go:38.29,42.2 1 1
crossview-go-server/api/controllers/sso/sso_test_helpers.go:44.45,47.2 2 1
crossview-go-server/api/routes/auth.go:18.14,24.2 1 0
crossview-go-server/api/routes/auth.go:26.29,29.2 3 0
crossview-go-server/api/routes/auth.go:29.2,34.3 4 0
crossview-go-server/api/routes/kubernetes.go:21.19,28.2 1 0
crossview-go-server/api/routes/kubernetes.go:30.34,33.2 3 0
crossview-go-server/api/routes/kubernetes.go:33.2,49.3 13 0
crossview-go-server/api/routes/routes.go:22.10,28.2 1 0
crossview-go-server/api/routes/routes.go:30.25,31.26 1 1
crossview-go-server/api/routes/routes.go:31.26,33.3 1 1
crossview-go-server/api/routes/sso.go:18.13,24.2 1 0
crossview-go-server/api/routes/sso.go:26.28,29.2 3 0
crossview-go-server/api/routes/sso.go:29.2,35.3 5 0
crossview-go-server/lib/db.go:14.51,27.16 8 0
crossview-go-server/lib/db.go:27.16,30.3 2 0
crossview-go-server/lib/db.go:32.2,36.3 2 0
crossview-go-server/lib/env.go:24.19,31.22 5 1
crossview-go-server/lib/env.go:31.22,34.3 2 1
crossview-go-server/lib/env.go:36.2,36.47 1 1
crossview-go-server/lib/env.go:36.47,40.3 3 0
crossview-go-server/lib/env.go:42.2,68.12 11 1
crossview-go-server/lib/env.go:71.64,72.20 1 1
crossview-go-server/lib/env.go:72.20,74.3 1 1
crossview-go-server/lib/env.go:75.2,75.22 1 1
crossview-go-server/lib/env.go:75.22,77.17 2 0
crossview-go-server/lib/env.go:77.17,78.27 1 0
crossview-go-server/lib/env.go:79.16,80.13 1 0
crossview-go-server/lib/env.go:81.27,82.32 1 0
crossview-go-server/lib/env.go:83.17,84.34 1 0
crossview-go-server/lib/env.go:85.12,86.32 1 0
crossview-go-server/lib/env.go:90.2,90.21 1 1
crossview-go-server/lib/env.go:93.55,94.42 1 1
crossview-go-server/lib/env.go:94.42,96.3 1 1
crossview-go-server/lib/env.go:97.2,97.24 1 1
crossview-go-server/lib/env.go:97.24,99.3 1 1
crossview-go-server/lib/env.go:100.2,100.11 1 1
crossview-go-server/lib/logger.go:38.25,39.25 1 1
crossview-go-server/lib/logger.go:39.25,42.3 2 1
crossview-go-server/lib/logger.go:43.2,43.22 1 1
crossview-go-server/lib/logger.go:47.42,54.2 2 1
crossview-go-server/lib/logger.go:57.47,62.2 2 1
crossview-go-server/lib/logger.go:65.50,66.27 1 0
crossview-go-server/lib/logger.go:67.33,71.4 1 0
crossview-go-server/lib/logger.go:72.32,73.19 1 0
crossview-go-server/lib/logger.go:73.19,79.4 1 0
crossview-go-server/lib/logger.go:79.9,85.4 1 0
crossview-go-server/lib/logger.go:86.32,90.4 1 0
crossview-go-server/lib/logger.go:91.31,92.19 1 0
crossview-go-server/lib/logger.go:92.19,98.4 1 0
crossview-go-server/lib/logger.go:98.9,104.4 1 0
crossview-go-server/lib/logger.go:105.25,106.81 1 0
crossview-go-server/lib/logger.go:107.25,108.43 1 0
crossview-go-server/lib/logger.go:108.43,110.4 1 0
crossview-go-server/lib/logger.go:111.26,112.43 1 0
crossview-go-server/lib/logger.go:112.43,117.4 1 0
crossview-go-server/lib/logger.go:118.25,119.47 1 0
crossview-go-server/lib/logger.go:120.24,121.19 1 0
crossview-go-server/lib/logger.go:121.19,123.4 1 0
crossview-go-server/lib/logger.go:124.34,125.19 1 0
crossview-go-server/lib/logger.go:125.19,127.4 1 0
crossview-go-server/lib/logger.go:132.45,144.2 2 1
crossview-go-server/lib/logger.go:146.51,150.2 1 1
crossview-go-server/lib/logger.go:153.32,158.38 3 1
crossview-go-server/lib/logger.go:158.38,161.3 2 0
crossview-go-server/lib/logger.go:163.2,163.56 1 1
crossview-go-server/lib/logger.go:163.56,165.3 1 0
crossview-go-server/lib/logger.go:167.2,169.18 3 1
crossview-go-server/lib/logger.go:170.15,171.29 1 0
crossview-go-server/lib/logger.go:172.14,173.28 1 0
crossview-go-server/lib/logger.go:174.14,175.28 1 0
crossview-go-server/lib/logger.go:176.15,177.29 1 0
crossview-go-server/lib/logger.go:178.15,179.29 1 0
crossview-go-server/lib/logger.go:180.10,181.25 1 1
crossview-go-server/lib/logger.go:183.2,188.16 4 1
crossview-go-server/lib/logger.go:192.55,195.2 2 1
crossview-go-server/lib/logger.go:198.59,199.19 1 0
crossview-go-server/lib/logger.go:199.19,201.3 1 0
crossview-go-server/lib/logger.go:202.2,202.14 1 0
crossview-go-server/lib/logger.go:209.78,213.2 3 0
crossview-go-server/lib/logger.go:216.80,217.35 1 0
crossview-go-server/lib/logger.go:217.35,219.3 1 0
crossview-go-server/lib/logger.go:223.80,224.35 1 0
crossview-go-server/lib/logger.go:224.35,226.3 1 0
crossview-go-server/lib/logger.go:231.81,232.36 1 0
crossview-go-server/lib/logger.go:232.36,234.3 1 0
crossview-go-server/lib/logger.go:238.103,239.21 1 0
crossview-go-server/lib/logger.go:239.21,241.3 1 0
crossview-go-server/lib/logger.go:242.2,243.35 2 0
crossview-go-server/lib/logger.go:243.35,247.3 3 0
crossview-go-server/lib/logger.go:249.2,249.35 1 0
crossview-go-server/lib/logger.go:249.35,253.3 3 0
crossview-go-server/lib/logger.go:255.2,255.36 1 0
crossview-go-server/lib/logger.go:255.36,259.3 3 0
crossview-go-server/lib/request_handler.go:13.54,17.2 3 0
crossview-go-server/lib/sso_config.go:44.38,46.22 2 0
crossview-go-server/lib/sso_config.go:46.22,47.33 1 0
crossview-go-server/lib/sso_config.go:47.33,49.4 1 0
crossview-go-server/lib/sso_config.go:49.9,51.4 1 0
crossview-go-server/lib/sso_config.go:54.2,60.3 2 0
crossview-go-server/lib/sso_config.go:63.40,65.23 2 0
crossview-go-server/lib/sso_config.go:65.23,66.38 1 0
crossview-go-server/lib/sso_config.go:66.38,68.4 1 0
crossview-go-server/lib/sso_config.go:68.9,70.4 1 0
crossview-go-server/lib/sso_config.go:73.2,87.3 1 0
crossview-go-server/lib/sso_config.go:90.40,92.23 2 0
crossview-go-server/lib/sso_config.go:92.23,93.38 1 0
crossview-go-server/lib/sso_config.go:93.38,95.4 1 0
crossview-go-server/lib/sso_config.go:95.9,97.4 1 0
crossview-go-server/lib/sso_config.go:100.2,101.16 2 0
crossview-go-server/lib/sso_config.go:101.16,102.42 1 0
crossview-go-server/lib/sso_config.go:102.42,103.55 1 0
crossview-go-server/lib/sso_config.go:103.55,105.5 1 0
crossview-go-server/lib/sso_config.go:109.2,119.3 1 0
